-------------------------------------------------------------------------------
Test set: com.example.demo.IntegrationTests
-------------------------------------------------------------------------------
Tests run: 7, Failures: 0, Errors: 7, Skipped: 0, Time elapsed: 70.882 s <<< FAILURE! - in com.example.demo.IntegrationTests
updateNoneExistedPostWithUserRole_shouldReturn404  Time elapsed: 0.188 s  <<< ERROR!
java.lang.IllegalStateException: Failed to load ApplicationContext for [ReactiveWebMergedContextConfiguration@251a90ce testClass = com.example.demo.IntegrationTests, locations = [], classes = [com.example.demo.Application], contextInitializerClasses = [], activeProfiles = [], propertySourceLocations = [], propertySourceProperties = ["embedded.mongodb.enabled=true", "embedded.mongodb.install.enabled=true", "spring.data.mongodb.uri=mongodb://${embedded.mongodb.host}:${embedded.mongodb.port}/${embedded.mongodb.database}", "org.springframework.boot.test.context.SpringBootTestContextBootstrapper=true", "server.port=0"], contextCustomizers = [org.springframework.boot.test.context.filter.ExcludeFilterContextCustomizer@dc7df28, org.springframework.boot.test.json.DuplicateJsonObjectContextCustomizerFactory$DuplicateJsonObjectContextCustomizer@4d14b6c2, org.springframework.boot.test.mock.mockito.MockitoContextCustomizer@0, org.springframework.boot.test.web.client.TestRestTemplateContextCustomizer@20b2475a, org.springframework.boot.test.web.reactive.server.WebTestClientContextCustomizer@4f0f2942, org.springframework.boot.test.autoconfigure.actuate.observability.ObservabilityContextCustomizerFactory$DisableObservabilityContextCustomizer@9da1, org.springframework.boot.test.autoconfigure.properties.PropertyMappingContextCustomizer@0, org.springframework.boot.test.autoconfigure.web.servlet.WebDriverContextCustomizerFactory$Customizer@14dd7b39, org.springframework.boot.test.context.SpringBootTestAnnotation@d5678dfd], contextLoader = org.springframework.boot.test.context.SpringBootContextLoader, parent = null]
Caused by: org.springframework.beans.factory.UnsatisfiedDependencyException: Error creating bean with name 'dataInitializer' defined in file [C:\Users\MHMD\node-projects\autoshiftnew\api\target\classes\com\example\demo\application\DataInitializer.class]: Unsatisfied dependency expressed through constructor parameter 0: Error creating bean with name 'mongoPostRepository' defined in file [C:\Users\MHMD\node-projects\autoshiftnew\api\target\classes\com\example\demo\infrastructure\persistence\MongoPostRepository.class]: Unsatisfied dependency expressed through constructor parameter 0: Error creating bean with name 'reactiveMongoTemplate' defined in class path resource [org/springframework/boot/autoconfigure/data/mongo/MongoReactiveDataAutoConfiguration.class]: Unsatisfied dependency expressed through method 'reactiveMongoTemplate' parameter 0: Error creating bean with name 'reactiveMongoDatabaseFactory' defined in class path resource [org/springframework/boot/autoconfigure/data/mongo/MongoReactiveDataAutoConfiguration.class]: Unsatisfied dependency expressed through method 'reactiveMongoDatabaseFactory' parameter 1: Error creating bean with name 'reactiveStreamsMongoClient' defined in class path resource [org/springframework/boot/autoconfigure/mongo/MongoReactiveAutoConfiguration.class]: Failed to instantiate [com.mongodb.reactivestreams.client.MongoClient]: Factory method 'reactiveStreamsMongoClient' threw exception with message: The connection string contains an invalid host '${embedded.mongodb.host}:${embedded.mongodb.port}'. The port '${embedded.mongodb.port}' is not a valid, it must be an integer between 0 and 65535
Caused by: org.springframework.beans.factory.UnsatisfiedDependencyException: Error creating bean with name 'mongoPostRepository' defined in file [C:\Users\MHMD\node-projects\autoshiftnew\api\target\classes\com\example\demo\infrastructure\persistence\MongoPostRepository.class]: Unsatisfied dependency expressed through constructor parameter 0: Error creating bean with name 'reactiveMongoTemplate' defined in class path resource [org/springframework/boot/autoconfigure/data/mongo/MongoReactiveDataAutoConfiguration.class]: Unsatisfied dependency expressed through method 'reactiveMongoTemplate' parameter 0: Error creating bean with name 'reactiveMongoDatabaseFactory' defined in class path resource [org/springframework/boot/autoconfigure/data/mongo/MongoReactiveDataAutoConfiguration.class]: Unsatisfied dependency expressed through method 'reactiveMongoDatabaseFactory' parameter 1: Error creating bean with name 'reactiveStreamsMongoClient' defined in class path resource [org/springframework/boot/autoconfigure/mongo/MongoReactiveAutoConfiguration.class]: Failed to instantiate [com.mongodb.reactivestreams.client.MongoClient]: Factory method 'reactiveStreamsMongoClient' threw exception with message: The connection string contains an invalid host '${embedded.mongodb.host}:${embedded.mongodb.port}'. The port '${embedded.mongodb.port}' is not a valid, it must be an integer between 0 and 65535
Caused by: org.springframework.beans.factory.UnsatisfiedDependencyException: Error creating bean with name 'reactiveMongoTemplate' defined in class path resource [org/springframework/boot/autoconfigure/data/mongo/MongoReactiveDataAutoConfiguration.class]: Unsatisfied dependency expressed through method 'reactiveMongoTemplate' parameter 0: Error creating bean with name 'reactiveMongoDatabaseFactory' defined in class path resource [org/springframework/boot/autoconfigure/data/mongo/MongoReactiveDataAutoConfiguration.class]: Unsatisfied dependency expressed through method 'reactiveMongoDatabaseFactory' parameter 1: Error creating bean with name 'reactiveStreamsMongoClient' defined in class path resource [org/springframework/boot/autoconfigure/mongo/MongoReactiveAutoConfiguration.class]: Failed to instantiate [com.mongodb.reactivestreams.client.MongoClient]: Factory method 'reactiveStreamsMongoClient' threw exception with message: The connection string contains an invalid host '${embedded.mongodb.host}:${embedded.mongodb.port}'. The port '${embedded.mongodb.port}' is not a valid, it must be an integer between 0 and 65535
Caused by: org.springframework.beans.factory.UnsatisfiedDependencyException: Error creating bean with name 'reactiveMongoDatabaseFactory' defined in class path resource [org/springframework/boot/autoconfigure/data/mongo/MongoReactiveDataAutoConfiguration.class]: Unsatisfied dependency expressed through method 'reactiveMongoDatabaseFactory' parameter 1: Error creating bean with name 'reactiveStreamsMongoClient' defined in class path resource [org/springframework/boot/autoconfigure/mongo/MongoReactiveAutoConfiguration.class]: Failed to instantiate [com.mongodb.reactivestreams.client.MongoClient]: Factory method 'reactiveStreamsMongoClient' threw exception with message: The connection string contains an invalid host '${embedded.mongodb.host}:${embedded.mongodb.port}'. The port '${embedded.mongodb.port}' is not a valid, it must be an integer between 0 and 65535
Caused by: org.springframework.beans.factory.BeanCreationException: Error creating bean with name 'reactiveStreamsMongoClient' defined in class path resource [org/springframework/boot/autoconfigure/mongo/MongoReactiveAutoConfiguration.class]: Failed to instantiate [com.mongodb.reactivestreams.client.MongoClient]: Factory method 'reactiveStreamsMongoClient' threw exception with message: The connection string contains an invalid host '${embedded.mongodb.host}:${embedded.mongodb.port}'. The port '${embedded.mongodb.port}' is not a valid, it must be an integer between 0 and 65535
Caused by: org.springframework.beans.BeanInstantiationException: Failed to instantiate [com.mongodb.reactivestreams.client.MongoClient]: Factory method 'reactiveStreamsMongoClient' threw exception with message: The connection string contains an invalid host '${embedded.mongodb.host}:${embedded.mongodb.port}'. The port '${embedded.mongodb.port}' is not a valid, it must be an integer between 0 and 65535
Caused by: java.lang.IllegalArgumentException: The connection string contains an invalid host '${embedded.mongodb.host}:${embedded.mongodb.port}'. The port '${embedded.mongodb.port}' is not a valid, it must be an integer between 0 and 65535

createPostWithoutAuthentication_shouldReturn401  Time elapsed: 0.019 s  <<< ERROR!
java.lang.IllegalStateException: Failed to load ApplicationContext for [ReactiveWebMergedContextConfiguration@251a90ce testClass = com.example.demo.IntegrationTests, locations = [], classes = [com.example.demo.Application], contextInitializerClasses = [], activeProfiles = [], propertySourceLocations = [], propertySourceProperties = ["embedded.mongodb.enabled=true", "embedded.mongodb.install.enabled=true", "spring.data.mongodb.uri=mongodb://${embedded.mongodb.host}:${embedded.mongodb.port}/${embedded.mongodb.database}", "org.springframework.boot.test.context.SpringBootTestContextBootstrapper=true", "server.port=0"], contextCustomizers = [org.springframework.boot.test.context.filter.ExcludeFilterContextCustomizer@dc7df28, org.springframework.boot.test.json.DuplicateJsonObjectContextCustomizerFactory$DuplicateJsonObjectContextCustomizer@4d14b6c2, org.springframework.boot.test.mock.mockito.MockitoContextCustomizer@0, org.springframework.boot.test.web.client.TestRestTemplateContextCustomizer@20b2475a, org.springframework.boot.test.web.reactive.server.WebTestClientContextCustomizer@4f0f2942, org.springframework.boot.test.autoconfigure.actuate.observability.ObservabilityContextCustomizerFactory$DisableObservabilityContextCustomizer@9da1, org.springframework.boot.test.autoconfigure.properties.PropertyMappingContextCustomizer@0, org.springframework.boot.test.autoconfigure.web.servlet.WebDriverContextCustomizerFactory$Customizer@14dd7b39, org.springframework.boot.test.context.SpringBootTestAnnotation@d5678dfd], contextLoader = org.springframework.boot.test.context.SpringBootContextLoader, parent = null]
Caused by: org.springframework.beans.factory.UnsatisfiedDependencyException: Error creating bean with name 'dataInitializer' defined in file [C:\Users\MHMD\node-projects\autoshiftnew\api\target\classes\com\example\demo\application\DataInitializer.class]: Unsatisfied dependency expressed through constructor parameter 0: Error creating bean with name 'mongoPostRepository' defined in file [C:\Users\MHMD\node-projects\autoshiftnew\api\target\classes\com\example\demo\infrastructure\persistence\MongoPostRepository.class]: Unsatisfied dependency expressed through constructor parameter 0: Error creating bean with name 'reactiveMongoTemplate' defined in class path resource [org/springframework/boot/autoconfigure/data/mongo/MongoReactiveDataAutoConfiguration.class]: Unsatisfied dependency expressed through method 'reactiveMongoTemplate' parameter 0: Error creating bean with name 'reactiveMongoDatabaseFactory' defined in class path resource [org/springframework/boot/autoconfigure/data/mongo/MongoReactiveDataAutoConfiguration.class]: Unsatisfied dependency expressed through method 'reactiveMongoDatabaseFactory' parameter 1: Error creating bean with name 'reactiveStreamsMongoClient' defined in class path resource [org/springframework/boot/autoconfigure/mongo/MongoReactiveAutoConfiguration.class]: Failed to instantiate [com.mongodb.reactivestreams.client.MongoClient]: Factory method 'reactiveStreamsMongoClient' threw exception with message: The connection string contains an invalid host '${embedded.mongodb.host}:${embedded.mongodb.port}'. The port '${embedded.mongodb.port}' is not a valid, it must be an integer between 0 and 65535
Caused by: org.springframework.beans.factory.UnsatisfiedDependencyException: Error creating bean with name 'mongoPostRepository' defined in file [C:\Users\MHMD\node-projects\autoshiftnew\api\target\classes\com\example\demo\infrastructure\persistence\MongoPostRepository.class]: Unsatisfied dependency expressed through constructor parameter 0: Error creating bean with name 'reactiveMongoTemplate' defined in class path resource [org/springframework/boot/autoconfigure/data/mongo/MongoReactiveDataAutoConfiguration.class]: Unsatisfied dependency expressed through method 'reactiveMongoTemplate' parameter 0: Error creating bean with name 'reactiveMongoDatabaseFactory' defined in class path resource [org/springframework/boot/autoconfigure/data/mongo/MongoReactiveDataAutoConfiguration.class]: Unsatisfied dependency expressed through method 'reactiveMongoDatabaseFactory' parameter 1: Error creating bean with name 'reactiveStreamsMongoClient' defined in class path resource [org/springframework/boot/autoconfigure/mongo/MongoReactiveAutoConfiguration.class]: Failed to instantiate [com.mongodb.reactivestreams.client.MongoClient]: Factory method 'reactiveStreamsMongoClient' threw exception with message: The connection string contains an invalid host '${embedded.mongodb.host}:${embedded.mongodb.port}'. The port '${embedded.mongodb.port}' is not a valid, it must be an integer between 0 and 65535
Caused by: org.springframework.beans.factory.UnsatisfiedDependencyException: Error creating bean with name 'reactiveMongoTemplate' defined in class path resource [org/springframework/boot/autoconfigure/data/mongo/MongoReactiveDataAutoConfiguration.class]: Unsatisfied dependency expressed through method 'reactiveMongoTemplate' parameter 0: Error creating bean with name 'reactiveMongoDatabaseFactory' defined in class path resource [org/springframework/boot/autoconfigure/data/mongo/MongoReactiveDataAutoConfiguration.class]: Unsatisfied dependency expressed through method 'reactiveMongoDatabaseFactory' parameter 1: Error creating bean with name 'reactiveStreamsMongoClient' defined in class path resource [org/springframework/boot/autoconfigure/mongo/MongoReactiveAutoConfiguration.class]: Failed to instantiate [com.mongodb.reactivestreams.client.MongoClient]: Factory method 'reactiveStreamsMongoClient' threw exception with message: The connection string contains an invalid host '${embedded.mongodb.host}:${embedded.mongodb.port}'. The port '${embedded.mongodb.port}' is not a valid, it must be an integer between 0 and 65535
Caused by: org.springframework.beans.factory.UnsatisfiedDependencyException: Error creating bean with name 'reactiveMongoDatabaseFactory' defined in class path resource [org/springframework/boot/autoconfigure/data/mongo/MongoReactiveDataAutoConfiguration.class]: Unsatisfied dependency expressed through method 'reactiveMongoDatabaseFactory' parameter 1: Error creating bean with name 'reactiveStreamsMongoClient' defined in class path resource [org/springframework/boot/autoconfigure/mongo/MongoReactiveAutoConfiguration.class]: Failed to instantiate [com.mongodb.reactivestreams.client.MongoClient]: Factory method 'reactiveStreamsMongoClient' threw exception with message: The connection string contains an invalid host '${embedded.mongodb.host}:${embedded.mongodb.port}'. The port '${embedded.mongodb.port}' is not a valid, it must be an integer between 0 and 65535
Caused by: org.springframework.beans.factory.BeanCreationException: Error creating bean with name 'reactiveStreamsMongoClient' defined in class path resource [org/springframework/boot/autoconfigure/mongo/MongoReactiveAutoConfiguration.class]: Failed to instantiate [com.mongodb.reactivestreams.client.MongoClient]: Factory method 'reactiveStreamsMongoClient' threw exception with message: The connection string contains an invalid host '${embedded.mongodb.host}:${embedded.mongodb.port}'. The port '${embedded.mongodb.port}' is not a valid, it must be an integer between 0 and 65535
Caused by: org.springframework.beans.BeanInstantiationException: Failed to instantiate [com.mongodb.reactivestreams.client.MongoClient]: Factory method 'reactiveStreamsMongoClient' threw exception with message: The connection string contains an invalid host '${embedded.mongodb.host}:${embedded.mongodb.port}'. The port '${embedded.mongodb.port}' is not a valid, it must be an integer between 0 and 65535
Caused by: java.lang.IllegalArgumentException: The connection string contains an invalid host '${embedded.mongodb.host}:${embedded.mongodb.port}'. The port '${embedded.mongodb.port}' is not a valid, it must be an integer between 0 and 65535

getAllPostsWithAuthentication_ShouldBeOk  Time elapsed: 0.016 s  <<< ERROR!
java.lang.IllegalStateException: Failed to load ApplicationContext for [ReactiveWebMergedContextConfiguration@251a90ce testClass = com.example.demo.IntegrationTests, locations = [], classes = [com.example.demo.Application], contextInitializerClasses = [], activeProfiles = [], propertySourceLocations = [], propertySourceProperties = ["embedded.mongodb.enabled=true", "embedded.mongodb.install.enabled=true", "spring.data.mongodb.uri=mongodb://${embedded.mongodb.host}:${embedded.mongodb.port}/${embedded.mongodb.database}", "org.springframework.boot.test.context.SpringBootTestContextBootstrapper=true", "server.port=0"], contextCustomizers = [org.springframework.boot.test.context.filter.ExcludeFilterContextCustomizer@dc7df28, org.springframework.boot.test.json.DuplicateJsonObjectContextCustomizerFactory$DuplicateJsonObjectContextCustomizer@4d14b6c2, org.springframework.boot.test.mock.mockito.MockitoContextCustomizer@0, org.springframework.boot.test.web.client.TestRestTemplateContextCustomizer@20b2475a, org.springframework.boot.test.web.reactive.server.WebTestClientContextCustomizer@4f0f2942, org.springframework.boot.test.autoconfigure.actuate.observability.ObservabilityContextCustomizerFactory$DisableObservabilityContextCustomizer@9da1, org.springframework.boot.test.autoconfigure.properties.PropertyMappingContextCustomizer@0, org.springframework.boot.test.autoconfigure.web.servlet.WebDriverContextCustomizerFactory$Customizer@14dd7b39, org.springframework.boot.test.context.SpringBootTestAnnotation@d5678dfd], contextLoader = org.springframework.boot.test.context.SpringBootContextLoader, parent = null]
Caused by: org.springframework.beans.factory.UnsatisfiedDependencyException: Error creating bean with name 'dataInitializer' defined in file [C:\Users\MHMD\node-projects\autoshiftnew\api\target\classes\com\example\demo\application\DataInitializer.class]: Unsatisfied dependency expressed through constructor parameter 0: Error creating bean with name 'mongoPostRepository' defined in file [C:\Users\MHMD\node-projects\autoshiftnew\api\target\classes\com\example\demo\infrastructure\persistence\MongoPostRepository.class]: Unsatisfied dependency expressed through constructor parameter 0: Error creating bean with name 'reactiveMongoTemplate' defined in class path resource [org/springframework/boot/autoconfigure/data/mongo/MongoReactiveDataAutoConfiguration.class]: Unsatisfied dependency expressed through method 'reactiveMongoTemplate' parameter 0: Error creating bean with name 'reactiveMongoDatabaseFactory' defined in class path resource [org/springframework/boot/autoconfigure/data/mongo/MongoReactiveDataAutoConfiguration.class]: Unsatisfied dependency expressed through method 'reactiveMongoDatabaseFactory' parameter 1: Error creating bean with name 'reactiveStreamsMongoClient' defined in class path resource [org/springframework/boot/autoconfigure/mongo/MongoReactiveAutoConfiguration.class]: Failed to instantiate [com.mongodb.reactivestreams.client.MongoClient]: Factory method 'reactiveStreamsMongoClient' threw exception with message: The connection string contains an invalid host '${embedded.mongodb.host}:${embedded.mongodb.port}'. The port '${embedded.mongodb.port}' is not a valid, it must be an integer between 0 and 65535
Caused by: org.springframework.beans.factory.UnsatisfiedDependencyException: Error creating bean with name 'mongoPostRepository' defined in file [C:\Users\MHMD\node-projects\autoshiftnew\api\target\classes\com\example\demo\infrastructure\persistence\MongoPostRepository.class]: Unsatisfied dependency expressed through constructor parameter 0: Error creating bean with name 'reactiveMongoTemplate' defined in class path resource [org/springframework/boot/autoconfigure/data/mongo/MongoReactiveDataAutoConfiguration.class]: Unsatisfied dependency expressed through method 'reactiveMongoTemplate' parameter 0: Error creating bean with name 'reactiveMongoDatabaseFactory' defined in class path resource [org/springframework/boot/autoconfigure/data/mongo/MongoReactiveDataAutoConfiguration.class]: Unsatisfied dependency expressed through method 'reactiveMongoDatabaseFactory' parameter 1: Error creating bean with name 'reactiveStreamsMongoClient' defined in class path resource [org/springframework/boot/autoconfigure/mongo/MongoReactiveAutoConfiguration.class]: Failed to instantiate [com.mongodb.reactivestreams.client.MongoClient]: Factory method 'reactiveStreamsMongoClient' threw exception with message: The connection string contains an invalid host '${embedded.mongodb.host}:${embedded.mongodb.port}'. The port '${embedded.mongodb.port}' is not a valid, it must be an integer between 0 and 65535
Caused by: org.springframework.beans.factory.UnsatisfiedDependencyException: Error creating bean with name 'reactiveMongoTemplate' defined in class path resource [org/springframework/boot/autoconfigure/data/mongo/MongoReactiveDataAutoConfiguration.class]: Unsatisfied dependency expressed through method 'reactiveMongoTemplate' parameter 0: Error creating bean with name 'reactiveMongoDatabaseFactory' defined in class path resource [org/springframework/boot/autoconfigure/data/mongo/MongoReactiveDataAutoConfiguration.class]: Unsatisfied dependency expressed through method 'reactiveMongoDatabaseFactory' parameter 1: Error creating bean with name 'reactiveStreamsMongoClient' defined in class path resource [org/springframework/boot/autoconfigure/mongo/MongoReactiveAutoConfiguration.class]: Failed to instantiate [com.mongodb.reactivestreams.client.MongoClient]: Factory method 'reactiveStreamsMongoClient' threw exception with message: The connection string contains an invalid host '${embedded.mongodb.host}:${embedded.mongodb.port}'. The port '${embedded.mongodb.port}' is not a valid, it must be an integer between 0 and 65535
Caused by: org.springframework.beans.factory.UnsatisfiedDependencyException: Error creating bean with name 'reactiveMongoDatabaseFactory' defined in class path resource [org/springframework/boot/autoconfigure/data/mongo/MongoReactiveDataAutoConfiguration.class]: Unsatisfied dependency expressed through method 'reactiveMongoDatabaseFactory' parameter 1: Error creating bean with name 'reactiveStreamsMongoClient' defined in class path resource [org/springframework/boot/autoconfigure/mongo/MongoReactiveAutoConfiguration.class]: Failed to instantiate [com.mongodb.reactivestreams.client.MongoClient]: Factory method 'reactiveStreamsMongoClient' threw exception with message: The connection string contains an invalid host '${embedded.mongodb.host}:${embedded.mongodb.port}'. The port '${embedded.mongodb.port}' is not a valid, it must be an integer between 0 and 65535
Caused by: org.springframework.beans.factory.BeanCreationException: Error creating bean with name 'reactiveStreamsMongoClient' defined in class path resource [org/springframework/boot/autoconfigure/mongo/MongoReactiveAutoConfiguration.class]: Failed to instantiate [com.mongodb.reactivestreams.client.MongoClient]: Factory method 'reactiveStreamsMongoClient' threw exception with message: The connection string contains an invalid host '${embedded.mongodb.host}:${embedded.mongodb.port}'. The port '${embedded.mongodb.port}' is not a valid, it must be an integer between 0 and 65535
Caused by: org.springframework.beans.BeanInstantiationException: Failed to instantiate [com.mongodb.reactivestreams.client.MongoClient]: Factory method 'reactiveStreamsMongoClient' threw exception with message: The connection string contains an invalid host '${embedded.mongodb.host}:${embedded.mongodb.port}'. The port '${embedded.mongodb.port}' is not a valid, it must be an integer between 0 and 65535
Caused by: java.lang.IllegalArgumentException: The connection string contains an invalid host '${embedded.mongodb.host}:${embedded.mongodb.port}'. The port '${embedded.mongodb.port}' is not a valid, it must be an integer between 0 and 65535

getNoneExistedPost_ShouldReturn404  Time elapsed: 0.006 s  <<< ERROR!
java.lang.IllegalStateException: Failed to load ApplicationContext for [ReactiveWebMergedContextConfiguration@251a90ce testClass = com.example.demo.IntegrationTests, locations = [], classes = [com.example.demo.Application], contextInitializerClasses = [], activeProfiles = [], propertySourceLocations = [], propertySourceProperties = ["embedded.mongodb.enabled=true", "embedded.mongodb.install.enabled=true", "spring.data.mongodb.uri=mongodb://${embedded.mongodb.host}:${embedded.mongodb.port}/${embedded.mongodb.database}", "org.springframework.boot.test.context.SpringBootTestContextBootstrapper=true", "server.port=0"], contextCustomizers = [org.springframework.boot.test.context.filter.ExcludeFilterContextCustomizer@dc7df28, org.springframework.boot.test.json.DuplicateJsonObjectContextCustomizerFactory$DuplicateJsonObjectContextCustomizer@4d14b6c2, org.springframework.boot.test.mock.mockito.MockitoContextCustomizer@0, org.springframework.boot.test.web.client.TestRestTemplateContextCustomizer@20b2475a, org.springframework.boot.test.web.reactive.server.WebTestClientContextCustomizer@4f0f2942, org.springframework.boot.test.autoconfigure.actuate.observability.ObservabilityContextCustomizerFactory$DisableObservabilityContextCustomizer@9da1, org.springframework.boot.test.autoconfigure.properties.PropertyMappingContextCustomizer@0, org.springframework.boot.test.autoconfigure.web.servlet.WebDriverContextCustomizerFactory$Customizer@14dd7b39, org.springframework.boot.test.context.SpringBootTestAnnotation@d5678dfd], contextLoader = org.springframework.boot.test.context.SpringBootContextLoader, parent = null]
Caused by: org.springframework.beans.factory.UnsatisfiedDependencyException: Error creating bean with name 'dataInitializer' defined in file [C:\Users\MHMD\node-projects\autoshiftnew\api\target\classes\com\example\demo\application\DataInitializer.class]: Unsatisfied dependency expressed through constructor parameter 0: Error creating bean with name 'mongoPostRepository' defined in file [C:\Users\MHMD\node-projects\autoshiftnew\api\target\classes\com\example\demo\infrastructure\persistence\MongoPostRepository.class]: Unsatisfied dependency expressed through constructor parameter 0: Error creating bean with name 'reactiveMongoTemplate' defined in class path resource [org/springframework/boot/autoconfigure/data/mongo/MongoReactiveDataAutoConfiguration.class]: Unsatisfied dependency expressed through method 'reactiveMongoTemplate' parameter 0: Error creating bean with name 'reactiveMongoDatabaseFactory' defined in class path resource [org/springframework/boot/autoconfigure/data/mongo/MongoReactiveDataAutoConfiguration.class]: Unsatisfied dependency expressed through method 'reactiveMongoDatabaseFactory' parameter 1: Error creating bean with name 'reactiveStreamsMongoClient' defined in class path resource [org/springframework/boot/autoconfigure/mongo/MongoReactiveAutoConfiguration.class]: Failed to instantiate [com.mongodb.reactivestreams.client.MongoClient]: Factory method 'reactiveStreamsMongoClient' threw exception with message: The connection string contains an invalid host '${embedded.mongodb.host}:${embedded.mongodb.port}'. The port '${embedded.mongodb.port}' is not a valid, it must be an integer between 0 and 65535
Caused by: org.springframework.beans.factory.UnsatisfiedDependencyException: Error creating bean with name 'mongoPostRepository' defined in file [C:\Users\MHMD\node-projects\autoshiftnew\api\target\classes\com\example\demo\infrastructure\persistence\MongoPostRepository.class]: Unsatisfied dependency expressed through constructor parameter 0: Error creating bean with name 'reactiveMongoTemplate' defined in class path resource [org/springframework/boot/autoconfigure/data/mongo/MongoReactiveDataAutoConfiguration.class]: Unsatisfied dependency expressed through method 'reactiveMongoTemplate' parameter 0: Error creating bean with name 'reactiveMongoDatabaseFactory' defined in class path resource [org/springframework/boot/autoconfigure/data/mongo/MongoReactiveDataAutoConfiguration.class]: Unsatisfied dependency expressed through method 'reactiveMongoDatabaseFactory' parameter 1: Error creating bean with name 'reactiveStreamsMongoClient' defined in class path resource [org/springframework/boot/autoconfigure/mongo/MongoReactiveAutoConfiguration.class]: Failed to instantiate [com.mongodb.reactivestreams.client.MongoClient]: Factory method 'reactiveStreamsMongoClient' threw exception with message: The connection string contains an invalid host '${embedded.mongodb.host}:${embedded.mongodb.port}'. The port '${embedded.mongodb.port}' is not a valid, it must be an integer between 0 and 65535
Caused by: org.springframework.beans.factory.UnsatisfiedDependencyException: Error creating bean with name 'reactiveMongoTemplate' defined in class path resource [org/springframework/boot/autoconfigure/data/mongo/MongoReactiveDataAutoConfiguration.class]: Unsatisfied dependency expressed through method 'reactiveMongoTemplate' parameter 0: Error creating bean with name 'reactiveMongoDatabaseFactory' defined in class path resource [org/springframework/boot/autoconfigure/data/mongo/MongoReactiveDataAutoConfiguration.class]: Unsatisfied dependency expressed through method 'reactiveMongoDatabaseFactory' parameter 1: Error creating bean with name 'reactiveStreamsMongoClient' defined in class path resource [org/springframework/boot/autoconfigure/mongo/MongoReactiveAutoConfiguration.class]: Failed to instantiate [com.mongodb.reactivestreams.client.MongoClient]: Factory method 'reactiveStreamsMongoClient' threw exception with message: The connection string contains an invalid host '${embedded.mongodb.host}:${embedded.mongodb.port}'. The port '${embedded.mongodb.port}' is not a valid, it must be an integer between 0 and 65535
Caused by: org.springframework.beans.factory.UnsatisfiedDependencyException: Error creating bean with name 'reactiveMongoDatabaseFactory' defined in class path resource [org/springframework/boot/autoconfigure/data/mongo/MongoReactiveDataAutoConfiguration.class]: Unsatisfied dependency expressed through method 'reactiveMongoDatabaseFactory' parameter 1: Error creating bean with name 'reactiveStreamsMongoClient' defined in class path resource [org/springframework/boot/autoconfigure/mongo/MongoReactiveAutoConfiguration.class]: Failed to instantiate [com.mongodb.reactivestreams.client.MongoClient]: Factory method 'reactiveStreamsMongoClient' threw exception with message: The connection string contains an invalid host '${embedded.mongodb.host}:${embedded.mongodb.port}'. The port '${embedded.mongodb.port}' is not a valid, it must be an integer between 0 and 65535
Caused by: org.springframework.beans.factory.BeanCreationException: Error creating bean with name 'reactiveStreamsMongoClient' defined in class path resource [org/springframework/boot/autoconfigure/mongo/MongoReactiveAutoConfiguration.class]: Failed to instantiate [com.mongodb.reactivestreams.client.MongoClient]: Factory method 'reactiveStreamsMongoClient' threw exception with message: The connection string contains an invalid host '${embedded.mongodb.host}:${embedded.mongodb.port}'. The port '${embedded.mongodb.port}' is not a valid, it must be an integer between 0 and 65535
Caused by: org.springframework.beans.BeanInstantiationException: Failed to instantiate [com.mongodb.reactivestreams.client.MongoClient]: Factory method 'reactiveStreamsMongoClient' threw exception with message: The connection string contains an invalid host '${embedded.mongodb.host}:${embedded.mongodb.port}'. The port '${embedded.mongodb.port}' is not a valid, it must be an integer between 0 and 65535
Caused by: java.lang.IllegalArgumentException: The connection string contains an invalid host '${embedded.mongodb.host}:${embedded.mongodb.port}'. The port '${embedded.mongodb.port}' is not a valid, it must be an integer between 0 and 65535

deleteNoneExistedPostWithAdminRole_shouldReturn404  Time elapsed: 0.001 s  <<< ERROR!
java.lang.IllegalStateException: Failed to load ApplicationContext for [ReactiveWebMergedContextConfiguration@251a90ce testClass = com.example.demo.IntegrationTests, locations = [], classes = [com.example.demo.Application], contextInitializerClasses = [], activeProfiles = [], propertySourceLocations = [], propertySourceProperties = ["embedded.mongodb.enabled=true", "embedded.mongodb.install.enabled=true", "spring.data.mongodb.uri=mongodb://${embedded.mongodb.host}:${embedded.mongodb.port}/${embedded.mongodb.database}", "org.springframework.boot.test.context.SpringBootTestContextBootstrapper=true", "server.port=0"], contextCustomizers = [org.springframework.boot.test.context.filter.ExcludeFilterContextCustomizer@dc7df28, org.springframework.boot.test.json.DuplicateJsonObjectContextCustomizerFactory$DuplicateJsonObjectContextCustomizer@4d14b6c2, org.springframework.boot.test.mock.mockito.MockitoContextCustomizer@0, org.springframework.boot.test.web.client.TestRestTemplateContextCustomizer@20b2475a, org.springframework.boot.test.web.reactive.server.WebTestClientContextCustomizer@4f0f2942, org.springframework.boot.test.autoconfigure.actuate.observability.ObservabilityContextCustomizerFactory$DisableObservabilityContextCustomizer@9da1, org.springframework.boot.test.autoconfigure.properties.PropertyMappingContextCustomizer@0, org.springframework.boot.test.autoconfigure.web.servlet.WebDriverContextCustomizerFactory$Customizer@14dd7b39, org.springframework.boot.test.context.SpringBootTestAnnotation@d5678dfd], contextLoader = org.springframework.boot.test.context.SpringBootContextLoader, parent = null]
Caused by: org.springframework.beans.factory.UnsatisfiedDependencyException: Error creating bean with name 'dataInitializer' defined in file [C:\Users\MHMD\node-projects\autoshiftnew\api\target\classes\com\example\demo\application\DataInitializer.class]: Unsatisfied dependency expressed through constructor parameter 0: Error creating bean with name 'mongoPostRepository' defined in file [C:\Users\MHMD\node-projects\autoshiftnew\api\target\classes\com\example\demo\infrastructure\persistence\MongoPostRepository.class]: Unsatisfied dependency expressed through constructor parameter 0: Error creating bean with name 'reactiveMongoTemplate' defined in class path resource [org/springframework/boot/autoconfigure/data/mongo/MongoReactiveDataAutoConfiguration.class]: Unsatisfied dependency expressed through method 'reactiveMongoTemplate' parameter 0: Error creating bean with name 'reactiveMongoDatabaseFactory' defined in class path resource [org/springframework/boot/autoconfigure/data/mongo/MongoReactiveDataAutoConfiguration.class]: Unsatisfied dependency expressed through method 'reactiveMongoDatabaseFactory' parameter 1: Error creating bean with name 'reactiveStreamsMongoClient' defined in class path resource [org/springframework/boot/autoconfigure/mongo/MongoReactiveAutoConfiguration.class]: Failed to instantiate [com.mongodb.reactivestreams.client.MongoClient]: Factory method 'reactiveStreamsMongoClient' threw exception with message: The connection string contains an invalid host '${embedded.mongodb.host}:${embedded.mongodb.port}'. The port '${embedded.mongodb.port}' is not a valid, it must be an integer between 0 and 65535
Caused by: org.springframework.beans.factory.UnsatisfiedDependencyException: Error creating bean with name 'mongoPostRepository' defined in file [C:\Users\MHMD\node-projects\autoshiftnew\api\target\classes\com\example\demo\infrastructure\persistence\MongoPostRepository.class]: Unsatisfied dependency expressed through constructor parameter 0: Error creating bean with name 'reactiveMongoTemplate' defined in class path resource [org/springframework/boot/autoconfigure/data/mongo/MongoReactiveDataAutoConfiguration.class]: Unsatisfied dependency expressed through method 'reactiveMongoTemplate' parameter 0: Error creating bean with name 'reactiveMongoDatabaseFactory' defined in class path resource [org/springframework/boot/autoconfigure/data/mongo/MongoReactiveDataAutoConfiguration.class]: Unsatisfied dependency expressed through method 'reactiveMongoDatabaseFactory' parameter 1: Error creating bean with name 'reactiveStreamsMongoClient' defined in class path resource [org/springframework/boot/autoconfigure/mongo/MongoReactiveAutoConfiguration.class]: Failed to instantiate [com.mongodb.reactivestreams.client.MongoClient]: Factory method 'reactiveStreamsMongoClient' threw exception with message: The connection string contains an invalid host '${embedded.mongodb.host}:${embedded.mongodb.port}'. The port '${embedded.mongodb.port}' is not a valid, it must be an integer between 0 and 65535
Caused by: org.springframework.beans.factory.UnsatisfiedDependencyException: Error creating bean with name 'reactiveMongoTemplate' defined in class path resource [org/springframework/boot/autoconfigure/data/mongo/MongoReactiveDataAutoConfiguration.class]: Unsatisfied dependency expressed through method 'reactiveMongoTemplate' parameter 0: Error creating bean with name 'reactiveMongoDatabaseFactory' defined in class path resource [org/springframework/boot/autoconfigure/data/mongo/MongoReactiveDataAutoConfiguration.class]: Unsatisfied dependency expressed through method 'reactiveMongoDatabaseFactory' parameter 1: Error creating bean with name 'reactiveStreamsMongoClient' defined in class path resource [org/springframework/boot/autoconfigure/mongo/MongoReactiveAutoConfiguration.class]: Failed to instantiate [com.mongodb.reactivestreams.client.MongoClient]: Factory method 'reactiveStreamsMongoClient' threw exception with message: The connection string contains an invalid host '${embedded.mongodb.host}:${embedded.mongodb.port}'. The port '${embedded.mongodb.port}' is not a valid, it must be an integer between 0 and 65535
Caused by: org.springframework.beans.factory.UnsatisfiedDependencyException: Error creating bean with name 'reactiveMongoDatabaseFactory' defined in class path resource [org/springframework/boot/autoconfigure/data/mongo/MongoReactiveDataAutoConfiguration.class]: Unsatisfied dependency expressed through method 'reactiveMongoDatabaseFactory' parameter 1: Error creating bean with name 'reactiveStreamsMongoClient' defined in class path resource [org/springframework/boot/autoconfigure/mongo/MongoReactiveAutoConfiguration.class]: Failed to instantiate [com.mongodb.reactivestreams.client.MongoClient]: Factory method 'reactiveStreamsMongoClient' threw exception with message: The connection string contains an invalid host '${embedded.mongodb.host}:${embedded.mongodb.port}'. The port '${embedded.mongodb.port}' is not a valid, it must be an integer between 0 and 65535
Caused by: org.springframework.beans.factory.BeanCreationException: Error creating bean with name 'reactiveStreamsMongoClient' defined in class path resource [org/springframework/boot/autoconfigure/mongo/MongoReactiveAutoConfiguration.class]: Failed to instantiate [com.mongodb.reactivestreams.client.MongoClient]: Factory method 'reactiveStreamsMongoClient' threw exception with message: The connection string contains an invalid host '${embedded.mongodb.host}:${embedded.mongodb.port}'. The port '${embedded.mongodb.port}' is not a valid, it must be an integer between 0 and 65535
Caused by: org.springframework.beans.BeanInstantiationException: Failed to instantiate [com.mongodb.reactivestreams.client.MongoClient]: Factory method 'reactiveStreamsMongoClient' threw exception with message: The connection string contains an invalid host '${embedded.mongodb.host}:${embedded.mongodb.port}'. The port '${embedded.mongodb.port}' is not a valid, it must be an integer between 0 and 65535
Caused by: java.lang.IllegalArgumentException: The connection string contains an invalid host '${embedded.mongodb.host}:${embedded.mongodb.port}'. The port '${embedded.mongodb.port}' is not a valid, it must be an integer between 0 and 65535

deletePostWithUserRole_shouldReturn403  Time elapsed: 0.001 s  <<< ERROR!
java.lang.IllegalStateException: Failed to load ApplicationContext for [ReactiveWebMergedContextConfiguration@251a90ce testClass = com.example.demo.IntegrationTests, locations = [], classes = [com.example.demo.Application], contextInitializerClasses = [], activeProfiles = [], propertySourceLocations = [], propertySourceProperties = ["embedded.mongodb.enabled=true", "embedded.mongodb.install.enabled=true", "spring.data.mongodb.uri=mongodb://${embedded.mongodb.host}:${embedded.mongodb.port}/${embedded.mongodb.database}", "org.springframework.boot.test.context.SpringBootTestContextBootstrapper=true", "server.port=0"], contextCustomizers = [org.springframework.boot.test.context.filter.ExcludeFilterContextCustomizer@dc7df28, org.springframework.boot.test.json.DuplicateJsonObjectContextCustomizerFactory$DuplicateJsonObjectContextCustomizer@4d14b6c2, org.springframework.boot.test.mock.mockito.MockitoContextCustomizer@0, org.springframework.boot.test.web.client.TestRestTemplateContextCustomizer@20b2475a, org.springframework.boot.test.web.reactive.server.WebTestClientContextCustomizer@4f0f2942, org.springframework.boot.test.autoconfigure.actuate.observability.ObservabilityContextCustomizerFactory$DisableObservabilityContextCustomizer@9da1, org.springframework.boot.test.autoconfigure.properties.PropertyMappingContextCustomizer@0, org.springframework.boot.test.autoconfigure.web.servlet.WebDriverContextCustomizerFactory$Customizer@14dd7b39, org.springframework.boot.test.context.SpringBootTestAnnotation@d5678dfd], contextLoader = org.springframework.boot.test.context.SpringBootContextLoader, parent = null]
Caused by: org.springframework.beans.factory.UnsatisfiedDependencyException: Error creating bean with name 'dataInitializer' defined in file [C:\Users\MHMD\node-projects\autoshiftnew\api\target\classes\com\example\demo\application\DataInitializer.class]: Unsatisfied dependency expressed through constructor parameter 0: Error creating bean with name 'mongoPostRepository' defined in file [C:\Users\MHMD\node-projects\autoshiftnew\api\target\classes\com\example\demo\infrastructure\persistence\MongoPostRepository.class]: Unsatisfied dependency expressed through constructor parameter 0: Error creating bean with name 'reactiveMongoTemplate' defined in class path resource [org/springframework/boot/autoconfigure/data/mongo/MongoReactiveDataAutoConfiguration.class]: Unsatisfied dependency expressed through method 'reactiveMongoTemplate' parameter 0: Error creating bean with name 'reactiveMongoDatabaseFactory' defined in class path resource [org/springframework/boot/autoconfigure/data/mongo/MongoReactiveDataAutoConfiguration.class]: Unsatisfied dependency expressed through method 'reactiveMongoDatabaseFactory' parameter 1: Error creating bean with name 'reactiveStreamsMongoClient' defined in class path resource [org/springframework/boot/autoconfigure/mongo/MongoReactiveAutoConfiguration.class]: Failed to instantiate [com.mongodb.reactivestreams.client.MongoClient]: Factory method 'reactiveStreamsMongoClient' threw exception with message: The connection string contains an invalid host '${embedded.mongodb.host}:${embedded.mongodb.port}'. The port '${embedded.mongodb.port}' is not a valid, it must be an integer between 0 and 65535
Caused by: org.springframework.beans.factory.UnsatisfiedDependencyException: Error creating bean with name 'mongoPostRepository' defined in file [C:\Users\MHMD\node-projects\autoshiftnew\api\target\classes\com\example\demo\infrastructure\persistence\MongoPostRepository.class]: Unsatisfied dependency expressed through constructor parameter 0: Error creating bean with name 'reactiveMongoTemplate' defined in class path resource [org/springframework/boot/autoconfigure/data/mongo/MongoReactiveDataAutoConfiguration.class]: Unsatisfied dependency expressed through method 'reactiveMongoTemplate' parameter 0: Error creating bean with name 'reactiveMongoDatabaseFactory' defined in class path resource [org/springframework/boot/autoconfigure/data/mongo/MongoReactiveDataAutoConfiguration.class]: Unsatisfied dependency expressed through method 'reactiveMongoDatabaseFactory' parameter 1: Error creating bean with name 'reactiveStreamsMongoClient' defined in class path resource [org/springframework/boot/autoconfigure/mongo/MongoReactiveAutoConfiguration.class]: Failed to instantiate [com.mongodb.reactivestreams.client.MongoClient]: Factory method 'reactiveStreamsMongoClient' threw exception with message: The connection string contains an invalid host '${embedded.mongodb.host}:${embedded.mongodb.port}'. The port '${embedded.mongodb.port}' is not a valid, it must be an integer between 0 and 65535
Caused by: org.springframework.beans.factory.UnsatisfiedDependencyException: Error creating bean with name 'reactiveMongoTemplate' defined in class path resource [org/springframework/boot/autoconfigure/data/mongo/MongoReactiveDataAutoConfiguration.class]: Unsatisfied dependency expressed through method 'reactiveMongoTemplate' parameter 0: Error creating bean with name 'reactiveMongoDatabaseFactory' defined in class path resource [org/springframework/boot/autoconfigure/data/mongo/MongoReactiveDataAutoConfiguration.class]: Unsatisfied dependency expressed through method 'reactiveMongoDatabaseFactory' parameter 1: Error creating bean with name 'reactiveStreamsMongoClient' defined in class path resource [org/springframework/boot/autoconfigure/mongo/MongoReactiveAutoConfiguration.class]: Failed to instantiate [com.mongodb.reactivestreams.client.MongoClient]: Factory method 'reactiveStreamsMongoClient' threw exception with message: The connection string contains an invalid host '${embedded.mongodb.host}:${embedded.mongodb.port}'. The port '${embedded.mongodb.port}' is not a valid, it must be an integer between 0 and 65535
Caused by: org.springframework.beans.factory.UnsatisfiedDependencyException: Error creating bean with name 'reactiveMongoDatabaseFactory' defined in class path resource [org/springframework/boot/autoconfigure/data/mongo/MongoReactiveDataAutoConfiguration.class]: Unsatisfied dependency expressed through method 'reactiveMongoDatabaseFactory' parameter 1: Error creating bean with name 'reactiveStreamsMongoClient' defined in class path resource [org/springframework/boot/autoconfigure/mongo/MongoReactiveAutoConfiguration.class]: Failed to instantiate [com.mongodb.reactivestreams.client.MongoClient]: Factory method 'reactiveStreamsMongoClient' threw exception with message: The connection string contains an invalid host '${embedded.mongodb.host}:${embedded.mongodb.port}'. The port '${embedded.mongodb.port}' is not a valid, it must be an integer between 0 and 65535
Caused by: org.springframework.beans.factory.BeanCreationException: Error creating bean with name 'reactiveStreamsMongoClient' defined in class path resource [org/springframework/boot/autoconfigure/mongo/MongoReactiveAutoConfiguration.class]: Failed to instantiate [com.mongodb.reactivestreams.client.MongoClient]: Factory method 'reactiveStreamsMongoClient' threw exception with message: The connection string contains an invalid host '${embedded.mongodb.host}:${embedded.mongodb.port}'. The port '${embedded.mongodb.port}' is not a valid, it must be an integer between 0 and 65535
Caused by: org.springframework.beans.BeanInstantiationException: Failed to instantiate [com.mongodb.reactivestreams.client.MongoClient]: Factory method 'reactiveStreamsMongoClient' threw exception with message: The connection string contains an invalid host '${embedded.mongodb.host}:${embedded.mongodb.port}'. The port '${embedded.mongodb.port}' is not a valid, it must be an integer between 0 and 65535
Caused by: java.lang.IllegalArgumentException: The connection string contains an invalid host '${embedded.mongodb.host}:${embedded.mongodb.port}'. The port '${embedded.mongodb.port}' is not a valid, it must be an integer between 0 and 65535

postCrudOperations  Time elapsed: 0.003 s  <<< ERROR!
java.lang.IllegalStateException: Failed to load ApplicationContext for [ReactiveWebMergedContextConfiguration@251a90ce testClass = com.example.demo.IntegrationTests, locations = [], classes = [com.example.demo.Application], contextInitializerClasses = [], activeProfiles = [], propertySourceLocations = [], propertySourceProperties = ["embedded.mongodb.enabled=true", "embedded.mongodb.install.enabled=true", "spring.data.mongodb.uri=mongodb://${embedded.mongodb.host}:${embedded.mongodb.port}/${embedded.mongodb.database}", "org.springframework.boot.test.context.SpringBootTestContextBootstrapper=true", "server.port=0"], contextCustomizers = [org.springframework.boot.test.context.filter.ExcludeFilterContextCustomizer@dc7df28, org.springframework.boot.test.json.DuplicateJsonObjectContextCustomizerFactory$DuplicateJsonObjectContextCustomizer@4d14b6c2, org.springframework.boot.test.mock.mockito.MockitoContextCustomizer@0, org.springframework.boot.test.web.client.TestRestTemplateContextCustomizer@20b2475a, org.springframework.boot.test.web.reactive.server.WebTestClientContextCustomizer@4f0f2942, org.springframework.boot.test.autoconfigure.actuate.observability.ObservabilityContextCustomizerFactory$DisableObservabilityContextCustomizer@9da1, org.springframework.boot.test.autoconfigure.properties.PropertyMappingContextCustomizer@0, org.springframework.boot.test.autoconfigure.web.servlet.WebDriverContextCustomizerFactory$Customizer@14dd7b39, org.springframework.boot.test.context.SpringBootTestAnnotation@d5678dfd], contextLoader = org.springframework.boot.test.context.SpringBootContextLoader, parent = null]
Caused by: org.springframework.beans.factory.UnsatisfiedDependencyException: Error creating bean with name 'dataInitializer' defined in file [C:\Users\MHMD\node-projects\autoshiftnew\api\target\classes\com\example\demo\application\DataInitializer.class]: Unsatisfied dependency expressed through constructor parameter 0: Error creating bean with name 'mongoPostRepository' defined in file [C:\Users\MHMD\node-projects\autoshiftnew\api\target\classes\com\example\demo\infrastructure\persistence\MongoPostRepository.class]: Unsatisfied dependency expressed through constructor parameter 0: Error creating bean with name 'reactiveMongoTemplate' defined in class path resource [org/springframework/boot/autoconfigure/data/mongo/MongoReactiveDataAutoConfiguration.class]: Unsatisfied dependency expressed through method 'reactiveMongoTemplate' parameter 0: Error creating bean with name 'reactiveMongoDatabaseFactory' defined in class path resource [org/springframework/boot/autoconfigure/data/mongo/MongoReactiveDataAutoConfiguration.class]: Unsatisfied dependency expressed through method 'reactiveMongoDatabaseFactory' parameter 1: Error creating bean with name 'reactiveStreamsMongoClient' defined in class path resource [org/springframework/boot/autoconfigure/mongo/MongoReactiveAutoConfiguration.class]: Failed to instantiate [com.mongodb.reactivestreams.client.MongoClient]: Factory method 'reactiveStreamsMongoClient' threw exception with message: The connection string contains an invalid host '${embedded.mongodb.host}:${embedded.mongodb.port}'. The port '${embedded.mongodb.port}' is not a valid, it must be an integer between 0 and 65535
Caused by: org.springframework.beans.factory.UnsatisfiedDependencyException: Error creating bean with name 'mongoPostRepository' defined in file [C:\Users\MHMD\node-projects\autoshiftnew\api\target\classes\com\example\demo\infrastructure\persistence\MongoPostRepository.class]: Unsatisfied dependency expressed through constructor parameter 0: Error creating bean with name 'reactiveMongoTemplate' defined in class path resource [org/springframework/boot/autoconfigure/data/mongo/MongoReactiveDataAutoConfiguration.class]: Unsatisfied dependency expressed through method 'reactiveMongoTemplate' parameter 0: Error creating bean with name 'reactiveMongoDatabaseFactory' defined in class path resource [org/springframework/boot/autoconfigure/data/mongo/MongoReactiveDataAutoConfiguration.class]: Unsatisfied dependency expressed through method 'reactiveMongoDatabaseFactory' parameter 1: Error creating bean with name 'reactiveStreamsMongoClient' defined in class path resource [org/springframework/boot/autoconfigure/mongo/MongoReactiveAutoConfiguration.class]: Failed to instantiate [com.mongodb.reactivestreams.client.MongoClient]: Factory method 'reactiveStreamsMongoClient' threw exception with message: The connection string contains an invalid host '${embedded.mongodb.host}:${embedded.mongodb.port}'. The port '${embedded.mongodb.port}' is not a valid, it must be an integer between 0 and 65535
Caused by: org.springframework.beans.factory.UnsatisfiedDependencyException: Error creating bean with name 'reactiveMongoTemplate' defined in class path resource [org/springframework/boot/autoconfigure/data/mongo/MongoReactiveDataAutoConfiguration.class]: Unsatisfied dependency expressed through method 'reactiveMongoTemplate' parameter 0: Error creating bean with name 'reactiveMongoDatabaseFactory' defined in class path resource [org/springframework/boot/autoconfigure/data/mongo/MongoReactiveDataAutoConfiguration.class]: Unsatisfied dependency expressed through method 'reactiveMongoDatabaseFactory' parameter 1: Error creating bean with name 'reactiveStreamsMongoClient' defined in class path resource [org/springframework/boot/autoconfigure/mongo/MongoReactiveAutoConfiguration.class]: Failed to instantiate [com.mongodb.reactivestreams.client.MongoClient]: Factory method 'reactiveStreamsMongoClient' threw exception with message: The connection string contains an invalid host '${embedded.mongodb.host}:${embedded.mongodb.port}'. The port '${embedded.mongodb.port}' is not a valid, it must be an integer between 0 and 65535
Caused by: org.springframework.beans.factory.UnsatisfiedDependencyException: Error creating bean with name 'reactiveMongoDatabaseFactory' defined in class path resource [org/springframework/boot/autoconfigure/data/mongo/MongoReactiveDataAutoConfiguration.class]: Unsatisfied dependency expressed through method 'reactiveMongoDatabaseFactory' parameter 1: Error creating bean with name 'reactiveStreamsMongoClient' defined in class path resource [org/springframework/boot/autoconfigure/mongo/MongoReactiveAutoConfiguration.class]: Failed to instantiate [com.mongodb.reactivestreams.client.MongoClient]: Factory method 'reactiveStreamsMongoClient' threw exception with message: The connection string contains an invalid host '${embedded.mongodb.host}:${embedded.mongodb.port}'. The port '${embedded.mongodb.port}' is not a valid, it must be an integer between 0 and 65535
Caused by: org.springframework.beans.factory.BeanCreationException: Error creating bean with name 'reactiveStreamsMongoClient' defined in class path resource [org/springframework/boot/autoconfigure/mongo/MongoReactiveAutoConfiguration.class]: Failed to instantiate [com.mongodb.reactivestreams.client.MongoClient]: Factory method 'reactiveStreamsMongoClient' threw exception with message: The connection string contains an invalid host '${embedded.mongodb.host}:${embedded.mongodb.port}'. The port '${embedded.mongodb.port}' is not a valid, it must be an integer between 0 and 65535
Caused by: org.springframework.beans.BeanInstantiationException: Failed to instantiate [com.mongodb.reactivestreams.client.MongoClient]: Factory method 'reactiveStreamsMongoClient' threw exception with message: The connection string contains an invalid host '${embedded.mongodb.host}:${embedded.mongodb.port}'. The port '${embedded.mongodb.port}' is not a valid, it must be an integer between 0 and 65535
Caused by: java.lang.IllegalArgumentException: The connection string contains an invalid host '${embedded.mongodb.host}:${embedded.mongodb.port}'. The port '${embedded.mongodb.port}' is not a valid, it must be an integer between 0 and 65535

