-------------------------------------------------------------------------------
Test set: com.example.demo.PostControllerTest
-------------------------------------------------------------------------------
Tests run: 9, Failures: 7, Errors: 0, Skipped: 0, Time elapsed: 20.05 s <<< FAILURE! - in com.example.demo.PostControllerTest
getCommentsByPostId_shouldBeOk  Time elapsed: 3.502 s  <<< FAILURE!
java.lang.AssertionError: No value at JSON path "$.[0].id"
	at com.example.demo.PostControllerTest.getCommentsByPostId_shouldBeOk(PostControllerTest.java:260)
Caused by: com.jayway.jsonpath.PathNotFoundException: No results for path: $[0]['id']

getAllPosts_shouldBeOk  Time elapsed: 1.482 s  <<< FAILURE!
java.lang.AssertionError: Status expected:<200 OK> but was:<500 INTERNAL_SERVER_ERROR>
	at com.example.demo.PostControllerTest.getAllPosts_shouldBeOk(PostControllerTest.java:86)

deletePost_shouldBeOk  Time elapsed: 0.28 s  <<< FAILURE!
java.lang.AssertionError: Status expected:<204 NO_CONTENT> but was:<401 UNAUTHORIZED>
	at com.example.demo.PostControllerTest.deletePost_shouldBeOk(PostControllerTest.java:238)

createPost_shouldBeOk  Time elapsed: 0.042 s  <<< FAILURE!
java.lang.AssertionError: Status expected:<201 CREATED> but was:<401 UNAUTHORIZED>
	at com.example.demo.PostControllerTest.createPost_shouldBeOk(PostControllerTest.java:219)

updatePostStatus_shouldBeOk  Time elapsed: 0.166 s  <<< FAILURE!
java.lang.AssertionError: Status expected:<204 NO_CONTENT> but was:<401 UNAUTHORIZED>
	at com.example.demo.PostControllerTest.updatePostStatus_shouldBeOk(PostControllerTest.java:204)

getAllPostsByKeyword_shouldBeOk  Time elapsed: 1.33 s  <<< FAILURE!
java.lang.AssertionError: Status expected:<200 OK> but was:<500 INTERNAL_SERVER_ERROR>
	at com.example.demo.PostControllerTest.getAllPostsByKeyword_shouldBeOk(PostControllerTest.java:112)

updatePost_shouldBeOk  Time elapsed: 0.165 s  <<< FAILURE!
java.lang.AssertionError: Status expected:<204 NO_CONTENT> but was:<401 UNAUTHORIZED>
	at com.example.demo.PostControllerTest.updatePost_shouldBeOk(PostControllerTest.java:183)

